<?xml version="1.0" encoding="UTF-8"?>
<!-- Generated by org.testng.reporters.JUnitXMLReporter -->
<testsuite ignored="0" hostname="DESKTOP-CTNIRRU" failures="0" tests="4" name="Default test" time="22.601" errors="0" timestamp="2025-05-20T07:45:06 IST">
  <testcase classname="testNGBasics.DashBoardTest" name="assignLeaveButton" time="6.068"/>
  <testcase classname="testNGBasics.DashBoardTest" name="dbPageTextValidation" time="0.403"/>
  <testcase classname="testNGBasics.DashBoardTest" name="retRiveButtonTexts" time="1.532"/>
  <testcase classname="testNGBasics.DashBoardTest" name="seleniumTest" time="0.002"/>
</testsuite> <!-- Default test -->
