<?xml version="1.0" encoding="UTF-8"?>
<!-- Generated by org.testng.reporters.JUnitXMLReporter -->
<testsuite ignored="4" hostname="DESKTOP-CTNIRRU" failures="1" tests="6" name="Test" time="36.327" errors="0" timestamp="2025-05-19T07:29:13 IST">
  <testcase classname="testNGBasics.AdminTest" name="headingTest" time="0.43">
    <failure type="java.lang.ArithmeticException" message="/ by zero">
      <![CDATA[java.lang.ArithmeticException: / by zero
at testNGBasics.AdminTest.headingTest(AdminTest.java:38)
at java.base/java.util.ArrayList.forEach(ArrayList.java:1597)
... Removed 25 stack frames]]>
    </failure>
  </testcase> <!-- headingTest -->
  <testcase classname="testNGBasics.AdminTest" name="tableData" time="0.875"/>
  <testcase classname="testNGBasics.DashBoardTest" name="assignLeaveButton" time="6.388"/>
  <testcase classname="testNGBasics.DashBoardTest" name="dbPageTextValidation" time="0.817"/>
  <testcase classname="testNGBasics.DashBoardTest" name="retRiveButtonTexts" time="1.67"/>
  <testcase classname="testNGBasics.DashBoardTest" name="seleniumTest" time="0.002"/>
  <testcase classname="testNGBasics.TestNGSelenium" name="@AfterTest afterTest" time="0.0">
    <ignored/>
  </testcase> <!-- @AfterTest afterTest -->
  <testcase classname="testNGBasics.TestNGSelenium" name="@BeforeTest beforeTest" time="0.0">
    <ignored/>
  </testcase> <!-- @BeforeTest beforeTest -->
  <testcase classname="testNGBasics.TestNGSelenium" name="@AfterSuite afterSuite" time="0.0">
    <ignored/>
  </testcase> <!-- @AfterSuite afterSuite -->
  <testcase classname="testNGBasics.TestNGSelenium" name="@BeforeSuite beforeSuite" time="0.0">
    <ignored/>
  </testcase> <!-- @BeforeSuite beforeSuite -->
</testsuite> <!-- Test -->
