<?xml version="1.0" encoding="UTF-8"?>
<testng-results ignored="0" total="4" passed="4" failed="0" skipped="0">
  <reporter-output>
  </reporter-output>
  <suite started-at="2025-05-20T07:44:43 IST" name="Default suite" finished-at="2025-05-20T07:45:06 IST" duration-ms="22601">
    <groups>
    </groups>
    <test started-at="2025-05-20T07:44:43 IST" name="Default test" finished-at="2025-05-20T07:45:06 IST" duration-ms="22601">
      <class name="testNGBasics.DashBoardTest">
        <test-method is-config="true" signature="beforeSuite()[pri:0, instance:testNGBasics.DashBoardTest@544fa968]" started-at="2025-05-20T07:44:43 IST" name="beforeSuite" finished-at="2025-05-20T07:44:43 IST" duration-ms="852" status="PASS">
          <reporter-output>
          </reporter-output>
        </test-method> <!-- beforeSuite -->
        <test-method is-config="true" signature="beforeTest()[pri:0, instance:testNGBasics.DashBoardTest@544fa968]" started-at="2025-05-20T07:44:43 IST" name="beforeTest" finished-at="2025-05-20T07:44:43 IST" duration-ms="1" status="PASS">
          <reporter-output>
          </reporter-output>
        </test-method> <!-- beforeTest -->
        <test-method is-config="true" signature="beforeClass()[pri:0, instance:testNGBasics.DashBoardTest@544fa968]" started-at="2025-05-20T07:44:43 IST" name="beforeClass" finished-at="2025-05-20T07:44:49 IST" duration-ms="5731" status="PASS">
          <reporter-output>
          </reporter-output>
        </test-method> <!-- beforeClass -->
        <test-method is-config="true" signature="beforeMethod()[pri:0, instance:testNGBasics.DashBoardTest@544fa968]" started-at="2025-05-20T07:44:49 IST" name="beforeMethod" finished-at="2025-05-20T07:44:51 IST" duration-ms="2238" status="PASS">
          <reporter-output>
          </reporter-output>
        </test-method> <!-- beforeMethod -->
        <test-method signature="assignLeaveButton()[pri:0, instance:testNGBasics.DashBoardTest@544fa968]" started-at="2025-05-20T07:44:51 IST" name="assignLeaveButton" finished-at="2025-05-20T07:44:57 IST" duration-ms="6068" status="PASS">
          <reporter-output>
          </reporter-output>
        </test-method> <!-- assignLeaveButton -->
        <test-method is-config="true" signature="afterMethod()[pri:0, instance:testNGBasics.DashBoardTest@544fa968]" started-at="2025-05-20T07:44:57 IST" name="afterMethod" finished-at="2025-05-20T07:44:58 IST" duration-ms="519" status="PASS">
          <reporter-output>
          </reporter-output>
        </test-method> <!-- afterMethod -->
        <test-method is-config="true" signature="beforeMethod()[pri:0, instance:testNGBasics.DashBoardTest@544fa968]" started-at="2025-05-20T07:44:58 IST" name="beforeMethod" finished-at="2025-05-20T07:44:59 IST" duration-ms="1023" status="PASS">
          <reporter-output>
          </reporter-output>
        </test-method> <!-- beforeMethod -->
        <test-method signature="dbPageTextValidation()[pri:0, instance:testNGBasics.DashBoardTest@544fa968]" started-at="2025-05-20T07:44:59 IST" name="dbPageTextValidation" finished-at="2025-05-20T07:44:59 IST" duration-ms="403" status="PASS">
          <reporter-output>
          </reporter-output>
        </test-method> <!-- dbPageTextValidation -->
        <test-method is-config="true" signature="afterMethod()[pri:0, instance:testNGBasics.DashBoardTest@544fa968]" started-at="2025-05-20T07:44:59 IST" name="afterMethod" finished-at="2025-05-20T07:45:00 IST" duration-ms="597" status="PASS">
          <reporter-output>
          </reporter-output>
        </test-method> <!-- afterMethod -->
        <test-method is-config="true" signature="beforeMethod()[pri:0, instance:testNGBasics.DashBoardTest@544fa968]" started-at="2025-05-20T07:45:00 IST" name="beforeMethod" finished-at="2025-05-20T07:45:02 IST" duration-ms="1539" status="PASS">
          <reporter-output>
          </reporter-output>
        </test-method> <!-- beforeMethod -->
        <test-method signature="retRiveButtonTexts()[pri:0, instance:testNGBasics.DashBoardTest@544fa968]" started-at="2025-05-20T07:45:02 IST" name="retRiveButtonTexts" finished-at="2025-05-20T07:45:03 IST" duration-ms="1532" status="PASS">
          <reporter-output>
          </reporter-output>
        </test-method> <!-- retRiveButtonTexts -->
        <test-method is-config="true" signature="afterMethod()[pri:0, instance:testNGBasics.DashBoardTest@544fa968]" started-at="2025-05-20T07:45:03 IST" name="afterMethod" finished-at="2025-05-20T07:45:04 IST" duration-ms="481" status="PASS">
          <reporter-output>
          </reporter-output>
        </test-method> <!-- afterMethod -->
        <test-method is-config="true" signature="beforeMethod()[pri:0, instance:testNGBasics.DashBoardTest@544fa968]" started-at="2025-05-20T07:45:04 IST" name="beforeMethod" finished-at="2025-05-20T07:45:05 IST" duration-ms="1016" status="PASS">
          <reporter-output>
          </reporter-output>
        </test-method> <!-- beforeMethod -->
        <test-method signature="seleniumTest()[pri:0, instance:testNGBasics.DashBoardTest@544fa968]" started-at="2025-05-20T07:45:05 IST" name="seleniumTest" finished-at="2025-05-20T07:45:05 IST" duration-ms="2" status="PASS">
          <reporter-output>
          </reporter-output>
        </test-method> <!-- seleniumTest -->
        <test-method is-config="true" signature="afterMethod()[pri:0, instance:testNGBasics.DashBoardTest@544fa968]" started-at="2025-05-20T07:45:05 IST" name="afterMethod" finished-at="2025-05-20T07:45:06 IST" duration-ms="987" status="PASS">
          <reporter-output>
          </reporter-output>
        </test-method> <!-- afterMethod -->
        <test-method is-config="true" signature="afterClass()[pri:0, instance:testNGBasics.DashBoardTest@544fa968]" started-at="2025-05-20T07:45:06 IST" name="afterClass" finished-at="2025-05-20T07:45:06 IST" duration-ms="411" status="PASS">
          <reporter-output>
          </reporter-output>
        </test-method> <!-- afterClass -->
        <test-method is-config="true" signature="afterTest()[pri:0, instance:testNGBasics.DashBoardTest@544fa968]" started-at="2025-05-20T07:45:06 IST" name="afterTest" finished-at="2025-05-20T07:45:06 IST" duration-ms="0" status="PASS">
          <reporter-output>
          </reporter-output>
        </test-method> <!-- afterTest -->
        <test-method is-config="true" signature="afterSuite()[pri:0, instance:testNGBasics.DashBoardTest@544fa968]" started-at="2025-05-20T07:45:06 IST" name="afterSuite" finished-at="2025-05-20T07:45:06 IST" duration-ms="0" status="PASS">
          <reporter-output>
          </reporter-output>
        </test-method> <!-- afterSuite -->
      </class> <!-- testNGBasics.DashBoardTest -->
    </test> <!-- Default test -->
  </suite> <!-- Default suite -->
</testng-results>
